 * Populatia initiala
1: 100101111111011011000 x = 0.244888 f = 2.18492
2: 011001011010001101010 x = -0.167382 f = 1.8046
3: 010000001111100111101 x = -0.467715 f = 1.31353
4: 001010001111001111100 x = -0.664516 f = 0.893902
5: 110110010101010101111 x = 0.780399 f = 2.17138
6: 111001011011011010111 x = 0.881815 f = 2.10422
7: 011010111111010010000 x = -0.115632 f = 1.871
8: 010000111100101111001 x = -0.444615 f = 1.3577
9: 101110100100110010010 x = 0.526162 f = 2.24932
10: 110010111100011101110 x = 0.669358 f = 2.22132
11: 101011010011101011101 x = 0.419101 f = 2.24346
12: 010011111101101011011 x = -0.345829 f = 1.53457
13: 111000010101111100011 x = 0.846243 f = 2.13012
14: 001010000110011100111 x = -0.669017 f = 0.883399
15: 110000011001110010100 x = 0.586068 f = 2.24259
16: 010111001000001111011 x = -0.242117 f = 1.69926
17: 011000011010000011110 x = -0.200226 f = 1.75968
18: 101001111001110001000 x = 0.373064 f = 2.23389
19: 010000110110011010000 x = -0.447856 f = 1.35157
20: 011100000101001011111 x = -0.079841 f = 1.91378

 * Probabilitati selectie
cromozom 1 probabilitate 0.0604166
cromozom 2 probabilitate 0.0499002
cromozom 3 probabilitate 0.0363212
cromozom 4 probabilitate 0.0247179
cromozom 5 probabilitate 0.0600422
cromozom 6 probabilitate 0.0581851
cromozom 7 probabilitate 0.0517362
cromozom 8 probabilitate 0.0375427
cromozom 9 probabilitate 0.0621973
cromozom 10 probabilitate 0.0614231
cromozom 11 probabilitate 0.0620353
cromozom 12 probabilitate 0.0424335
cromozom 13 probabilitate 0.0589012
cromozom 14 probabilitate 0.0244275
cromozom 15 probabilitate 0.0620114
cromozom 16 probabilitate 0.0469874
cromozom 17 probabilitate 0.0486582
cromozom 18 probabilitate 0.0617707
cromozom 19 probabilitate 0.0373731
cromozom 20 probabilitate 0.0529193

 * Intervale probabilitati selectie
0 0.0604166 0.110317 0.146638 0.171356 0.231398 0.289583 0.341319 0.378862 0.441059 0.502482 0.564518 0.606951 0.665852 0.69028 0.752291 0.799279 0.847937 0.909708 0.947081 1 

u = 0.977282 selectam cromozomul 20
u = 0.224036 selectam cromozomul 5
u = 0.415021 selectam cromozomul 9
u = 0.775253 selectam cromozomul 16
u = 0.0518997 selectam cromozomul 1
u = 0.99049 selectam cromozomul 20
u = 0.880833 selectam cromozomul 18
u = 0.468745 selectam cromozomul 10
u = 0.765471 selectam cromozomul 16
u = 0.577399 selectam cromozomul 12
u = 0.0898744 selectam cromozomul 2
u = 0.105892 selectam cromozomul 2
u = 0.658929 selectam cromozomul 13
u = 0.556881 selectam cromozomul 11
u = 0.886449 selectam cromozomul 18
u = 0.991303 selectam cromozomul 20
u = 0.95265 selectam cromozomul 20
u = 0.16731 selectam cromozomul 4
u = 0.090087 selectam cromozomul 2

 * Dupa selectie:
1: 011100000101001011111 x = -0.079841 f = 1.91378
2: 110110010101010101111 x = 0.780399 f = 2.17138
3: 101110100100110010010 x = 0.526162 f = 2.24932
4: 010111001000001111011 x = -0.242117 f = 1.69926
5: 100101111111011011000 x = 0.244888 f = 2.18492
6: 011100000101001011111 x = -0.079841 f = 1.91378
7: 101001111001110001000 x = 0.373064 f = 2.23389
8: 110010111100011101110 x = 0.669358 f = 2.22132
9: 010111001000001111011 x = -0.242117 f = 1.69926
10: 010011111101101011011 x = -0.345829 f = 1.53457
11: 011001011010001101010 x = -0.167382 f = 1.8046
12: 011001011010001101010 x = -0.167382 f = 1.8046
13: 111000010101111100011 x = 0.846243 f = 2.13012
14: 101011010011101011101 x = 0.419101 f = 2.24346
15: 101001111001110001000 x = 0.373064 f = 2.23389
16: 011100000101001011111 x = -0.079841 f = 1.91378
17: 011100000101001011111 x = -0.079841 f = 1.91378
18: 001010001111001111100 x = -0.664516 f = 0.893902
19: 011001011010001101010 x = -0.167382 f = 1.8046

 * Probabilitatea de incrucisare = 0.25
1: 011100000101001011111 u = 0.957283
2: 110110010101010101111 u = 0.345305
3: 101110100100110010010 u = 0.148987 < 0.25 participa la recombinare
4: 010111001000001111011 u = 0.405563
5: 100101111111011011000 u = 0.383639
6: 011100000101001011111 u = 0.167842 < 0.25 participa la recombinare
7: 101001111001110001000 u = 0.746267
8: 110010111100011101110 u = 0.704074
9: 010111001000001111011 u = 0.520492
10: 010011111101101011011 u = 0.332124
11: 011001011010001101010 u = 0.101319 < 0.25 participa la recombinare
12: 011001011010001101010 u = 0.216654 < 0.25 participa la recombinare
13: 111000010101111100011 u = 0.0212088 < 0.25 participa la recombinare
14: 101011010011101011101 u = 0.571315
15: 101001111001110001000 u = 0.513786
16: 011100000101001011111 u = 0.335882
17: 011100000101001011111 u = 0.786595
18: 001010001111001111100 u = 0.723729
19: 011001011010001101010 u = 0.504447

 - Recombinare dintre cromozomul 3 si cromozomul 6
101110100100110010010 011100000101001011111 punct de rupere = 20
Rezultat 011100000101001011110 101110100100110010011

 - Recombinare dintre cromozomul 11 si cromozomul 12
011001011010001101010 011001011010001101010 punct de rupere = 5
Rezultat 011001011010001101010 011001011010001101010

 * Dupa etapa de recombinare: 
1: 011100000101001011111 x = -0.079841 f = 1.91378
2: 110110010101010101111 x = 0.780399 f = 2.17138
3: 011100000101001011110 x = -0.079842 f = 1.91378
4: 010111001000001111011 x = -0.242117 f = 1.69926
5: 111000010101111100011 x = 0.846243 f = 2.13012
6: 101110100100110010011 x = 0.526163 f = 2.24932
7: 101001111001110001000 x = 0.373064 f = 2.23389
8: 110010111100011101110 x = 0.669358 f = 2.22132
9: 010111001000001111011 x = -0.242117 f = 1.69926
10: 010011111101101011011 x = -0.345829 f = 1.53457
11: 011001011010001101010 x = -0.167382 f = 1.8046
12: 011001011010001101010 x = -0.167382 f = 1.8046
13: 111000010101111100011 x = 0.846243 f = 2.13012
14: 101011010011101011101 x = 0.419101 f = 2.24346
15: 101001111001110001000 x = 0.373064 f = 2.23389
16: 011100000101001011111 x = -0.079841 f = 1.91378
17: 011100000101001011111 x = -0.079841 f = 1.91378
18: 001010001111001111100 x = -0.664516 f = 0.893902
19: 011001011010001101010 x = -0.167382 f = 1.8046

 * Probabilitatea de mutatie pentru fiecare gena = 0.01
1
5
11
 * Dupa mutatie: 
1: 011100000100001011111 x = -0.080353 f = 1.91319
2: 110110010101010101111 x = 0.780399 f = 2.17138
3: 011100000101001011110 x = -0.079842 f = 1.91378
4: 010111001000001111011 x = -0.242117 f = 1.69926
5: 111100010101111100011 x = 0.977315 f = 2.02217
6: 101110100100110010011 x = 0.526163 f = 2.24932
7: 101001111001110001000 x = 0.373064 f = 2.23389
8: 110010111100011101110 x = 0.669358 f = 2.22132
9: 010111001000001111011 x = -0.242117 f = 1.69926
10: 010011111101101011011 x = -0.345829 f = 1.53457
11: 011001111010001101010 x = -0.150998 f = 1.8262
12: 011001011010001101010 x = -0.167382 f = 1.8046
13: 111000010101111100011 x = 0.846243 f = 2.13012
14: 101011010011101011101 x = 0.419101 f = 2.24346
15: 101001111001110001000 x = 0.373064 f = 2.23389
16: 011100000101001011111 x = -0.079841 f = 1.91378
17: 011100000101001011111 x = -0.079841 f = 1.91378
18: 001010001111001111100 x = -0.664516 f = 0.893902
19: 011001011010001101010 x = -0.167382 f = 1.8046


 * Evolutia maximului
2.249315549756000010006574
2.249315549756000010006574
2.249315549756000010006574
2.249432702876000167435677
2.249432702876000167435677
2.249904703356000013059202
2.249904703356000013059202
2.249909635963999843255579
2.249909635963999843255579
2.249909635963999843255579
2.249909635963999843255579
2.249909635963999843255579
2.249909635963999843255579
2.249909635963999843255579
2.249909635963999843255579
2.249909635963999843255579
2.249909635963999843255579
2.249909635963999843255579
2.249909635963999843255579
2.249909635963999843255579
2.249909673983999880420015
2.249909673983999880420015
2.249909673983999880420015
2.249909673983999880420015
2.249909673983999880420015
2.249944408064000089808587
2.249944408064000089808587
2.249944408064000089808587
2.249944408064000089808587
2.249944408064000089808587
2.249944408064000089808587
2.249944408064000089808587
2.249944408064000089808587
2.249944408064000089808587
2.249944408064000089808587
2.249944408064000089808587
2.249944408064000089808587
2.249944408064000089808587
2.249944408064000089808587
2.249944408064000089808587
2.249944408064000089808587
2.249944408064000089808587
2.249944408064000089808587
2.249944408064000089808587
2.249944408064000089808587
2.249944408064000089808587
2.249944408064000089808587
2.249944408064000089808587
2.249944408064000089808587
2.249944408064000089808587

 * Valori medii performanta (pentru fiecare etapa)
Etapa 1: 1.933589423414649788313113
Etapa 2: 1.944451135319399837086962
Etapa 3: 1.911501048521200063490255
Etapa 4: 2.063449929073000621571055
Etapa 5: 2.091250948690450250921913
Etapa 6: 2.038227019804950579384695
Etapa 7: 2.109428389473650522489834
Etapa 8: 2.12432762745365044665391
Etapa 9: 2.122630423908400398858021
Etapa 10: 2.197312665297649569851046
Etapa 11: 2.164200767418349879989137
Etapa 12: 2.082217221167200094100735
Etapa 13: 2.065313207949750484715423
Etapa 14: 2.056540623838349901575384
Etapa 15: 2.085833802099700484689038
Etapa 16: 2.137246402444750170701582
Etapa 17: 2.087142088887600444024883
Etapa 18: 2.119173378720600187108403
Etapa 19: 2.178753943474200038821209
Etapa 20: 2.240670016707600353811358
Etapa 21: 2.244777728685599882396673
Etapa 22: 2.233830731509599765161056
Etapa 23: 2.23466813961260024612443
Etapa 24: 2.17365331310094989092363
Etapa 25: 2.227534545004599575435122
Etapa 26: 2.249820495279999832405338
Etapa 27: 2.246348653100800341064769
Etapa 28: 2.196355475926400124819793
Etapa 29: 2.044047112640000385397343
Etapa 30: 2.077062105907200084686792
Etapa 31: 2.234721221017600178981866
Etapa 32: 2.220439933337599924811911
Etapa 33: 2.249533257187150248057605
Etapa 34: 2.234429672527749932697816
Etapa 35: 2.234705150646150606519313
Etapa 36: 2.194830033908549804522181
Etapa 37: 2.193699930173699907953733
Etapa 38: 2.182251510169600283717273
Etapa 39: 2.234099853861600148974276
Etapa 40: 2.241658074455150639892054
Etapa 41: 2.241676723115150426934861
Etapa 42: 2.245997258859900203020743
Etapa 43: 2.238735735675150273493728
Etapa 44: 2.249843691832700276478363
Etapa 45: 2.235546173412650272638302
Etapa 46: 2.249724889946950412422666
Etapa 47: 2.249637117148700404811734
Etapa 48: 2.191343187662150526762161
Etapa 49: 2.242249446847600857779526
Etapa 50: 2.241139664805550157922198
